SF:lib\src\relationship_specification.dart
DA:54,1
LF:1
LH:1
end_of_record
SF:lib\src\persistable_data_object.dart
DA:32,3
DA:33,1
DA:34,2
DA:36,1
DA:39,1
DA:41,1
DA:42,1
DA:45,2
DA:47,5
DA:50,1
DA:54,2
DA:55,2
DA:56,2
DA:57,2
DA:62,2
LF:15
LH:15
end_of_record
SF:lib\src\data_object.dart
DA:25,1
DA:34,1
DA:35,1
DA:36,4
DA:39,1
DA:41,2
DA:43,2
DA:45,1
DA:46,1
DA:53,1
DA:54,5
DA:55,1
DA:62,1
DA:63,2
DA:64,2
DA:71,3
DA:74,2
DA:79,1
DA:80,1
DA:81,3
DA:82,2
DA:92,2
DA:104,1
DA:110,1
DA:111,3
DA:112,3
DA:119,1
DA:120,2
DA:121,3
DA:127,4
DA:133,1
LF:31
LH:31
end_of_record
SF:lib\src\data_specification.dart
DA:72,1
DA:91,1
DA:94,1
DA:95,3
DA:113,1
DA:118,1
DA:119,2
DA:120,2
DA:121,1
DA:130,1
DA:131,2
DA:132,2
DA:133,1
LF:13
LH:13
end_of_record
SF:lib\src\helper.dart
DA:7,1
DA:8,1
DA:10,2
DA:11,3
DA:13,1
DA:19,1
DA:23,2
DA:24,1
DA:29,1
DA:30,2
DA:31,2
DA:34,2
DA:37,1
DA:39,3
DA:46,1
DA:49,1
DA:51,3
DA:52,1
DA:53,1
DA:55,1
DA:57,1
DA:66,1
DA:68,1
DA:70,2
DA:74,1
DA:76,2
DA:80,2
DA:81,3
DA:82,1
DA:87,1
LF:30
LH:30
end_of_record
SF:lib\beta\data_object_relationship.dart
DA:39,0
DA:41,0
DA:42,0
DA:43,0
DA:44,0
DA:45,0
DA:46,0
DA:47,0
DA:48,0
DA:51,0
DA:52,0
DA:53,0
DA:54,0
DA:55,0
DA:58,0
DA:59,0
DA:60,0
DA:61,0
DA:62,0
DA:63,0
DA:64,0
DA:66,0
DA:67,0
DA:69,0
DA:72,0
DA:75,0
DA:76,0
DA:78,0
DA:79,0
DA:81,0
DA:82,0
DA:85,0
DA:89,0
DA:90,0
DA:91,0
DA:92,0
LF:36
LH:0
end_of_record
SF:lib\beta\data_state_manager.dart
DA:35,0
DA:46,0
DA:47,0
DA:51,0
DA:52,0
DA:53,0
DA:55,0
DA:56,0
DA:57,0
DA:60,0
DA:63,0
DA:70,0
DA:71,0
DA:73,0
DA:74,0
DA:75,0
DA:78,0
DA:79,0
DA:80,0
DA:82,0
DA:83,0
DA:85,0
DA:87,0
DA:99,0
DA:100,0
DA:102,0
DA:104,0
DA:105,0
DA:106,0
DA:108,0
DA:109,0
DA:111,0
DA:112,0
DA:116,0
DA:118,0
DA:126,0
DA:127,0
DA:130,0
DA:132,0
DA:134,0
DA:137,0
DA:140,0
DA:146,0
DA:147,0
DA:150,0
DA:151,0
DA:152,0
DA:153,0
DA:155,0
DA:156,0
DA:157,0
DA:158,0
DA:159,0
DA:161,0
DA:164,0
DA:167,0
DA:180,0
DA:181,0
DA:188,0
DA:189,0
DA:190,0
DA:192,0
DA:195,0
DA:197,0
DA:198,0
DA:199,0
DA:200,0
DA:201,0
DA:202,0
DA:203,0
DA:204,0
DA:205,0
DA:207,0
DA:211,0
DA:214,0
DA:217,0
DA:221,0
DA:222,0
DA:224,0
DA:225,0
DA:226,0
DA:227,0
DA:230,0
DA:231,0
DA:232,0
DA:236,0
DA:237,0
DA:238,0
DA:240,0
DA:243,0
DA:246,0
DA:252,0
DA:253,0
DA:255,0
DA:256,0
DA:257,0
DA:258,0
DA:259,0
DA:260,0
DA:261,0
DA:264,0
DA:267,0
DA:269,0
DA:272,0
DA:275,0
DA:276,0
DA:278,0
DA:279,0
DA:280,0
DA:282,0
DA:283,0
DA:285,0
DA:289,0
DA:292,0
DA:295,0
DA:296,0
DA:299,0
DA:300,0
DA:301,0
DA:302,0
DA:303,0
DA:305,0
DA:307,0
DA:310,0
DA:316,0
DA:317,0
DA:320,0
DA:323,0
DA:324,0
DA:326,0
DA:328,0
DA:329,0
DA:330,0
DA:331,0
DA:334,0
DA:340,0
DA:341,0
DA:343,0
DA:345,0
DA:347,0
DA:349,0
DA:352,0
DA:354,0
DA:355,0
DA:357,0
DA:359,0
DA:360,0
DA:372,0
DA:374,0
DA:377,0
DA:378,0
DA:379,0
DA:380,0
DA:384,0
DA:385,0
DA:390,0
DA:391,0
DA:392,0
DA:401,0
DA:402,0
DA:404,0
DA:407,0
DA:408,0
DA:409,0
DA:413,0
DA:415,0
DA:416,0
DA:417,0
DA:418,0
DA:419,0
DA:421,0
DA:425,0
DA:428,0
DA:429,0
DA:431,0
DA:432,0
DA:435,0
DA:436,0
DA:443,0
DA:444,0
DA:447,0
DA:448,0
DA:449,0
DA:451,0
DA:452,0
DA:453,0
DA:455,0
DA:458,0
DA:461,0
DA:468,0
DA:470,0
DA:471,0
LF:192
LH:0
end_of_record
SF:lib\src\database_reader.dart
DA:13,1
DA:22,1
DA:23,1
DA:25,3
DA:27,1
DA:28,3
DA:29,2
DA:30,4
DA:31,1
DA:32,1
DA:33,1
DA:34,1
DA:36,1
DA:37,1
DA:47,1
DA:48,1
DA:50,4
DA:51,1
DA:52,3
DA:53,2
DA:54,1
DA:55,1
DA:56,1
DA:57,1
DA:59,4
DA:62,1
LF:26
LH:26
end_of_record
SF:lib\src\database_updater.dart
DA:11,1
DA:19,1
DA:20,1
DA:23,1
DA:24,3
DA:25,2
DA:26,1
DA:27,1
DA:29,5
DA:34,1
DA:35,3
DA:36,1
DA:37,1
DA:41,2
DA:42,4
DA:45,2
DA:46,5
DA:47,1
DA:48,1
DA:51,1
DA:53,1
DA:56,1
LF:22
LH:22
end_of_record
SF:lib\beta\generic.dart
DA:12,0
DA:18,0
DA:19,0
DA:21,0
DA:22,0
DA:23,0
DA:26,0
DA:41,0
DA:43,0
DA:44,0
DA:45,0
DA:46,0
DA:47,0
DA:48,0
DA:53,0
DA:56,0
DA:57,0
DA:60,0
DA:65,0
DA:66,0
LF:20
LH:0
end_of_record
SF:lib\src\validators.dart
DA:13,3
DA:24,2
DA:34,1
DA:39,1
DA:40,1
DA:52,1
DA:61,1
DA:78,1
DA:80,1
DA:94,1
DA:96,1
DA:108,1
DA:109,2
DA:110,2
DA:127,1
DA:130,2
DA:132,2
DA:133,2
DA:139,4
DA:150,1
DA:151,1
DA:153,1
DA:157,2
LF:23
LH:23
end_of_record
SF:lib\src\calendar.dart
DA:14,3
DA:35,1
DA:36,2
DA:37,2
DA:38,6
DA:47,1
DA:48,1
DA:49,4
DA:58,1
DA:59,1
DA:60,2
DA:61,6
DA:73,3
DA:79,1
DA:81,3
DA:87,1
DA:92,1
DA:94,2
DA:99,1
DA:105,1
DA:109,1
DA:110,2
DA:111,2
DA:114,2
DA:115,2
DA:116,2
DA:118,1
DA:119,6
DA:120,2
DA:125,2
DA:131,1
DA:133,8
DA:139,1
DA:140,3
DA:141,1
DA:143,1
DA:155,1
DA:157,1
DA:158,2
DA:160,4
DA:163,4
DA:166,3
DA:169,3
DA:172,3
LF:44
LH:44
end_of_record
SF:lib\src\currency.dart
DA:12,1
DA:16,2
DA:18,2
DA:19,2
DA:22,8
DA:32,1
DA:37,1
DA:41,1
DA:42,2
DA:43,1
DA:46,2
DA:47,2
DA:50,4
DA:51,4
DA:54,2
LF:15
LH:15
end_of_record
SF:lib\src\combined_data_object.dart
DA:12,1
DA:15,1
DA:17,2
DA:18,1
DA:19,1
DA:31,1
DA:33,2
DA:34,3
DA:35,1
DA:40,3
DA:45,1
DA:47,1
DA:48,2
DA:49,2
DA:55,1
DA:57,1
DA:58,2
DA:59,2
DA:67,1
DA:69,2
DA:70,1
DA:75,1
DA:77,2
DA:78,1
DA:84,1
DA:85,3
DA:88,1
DA:90,2
DA:91,1
DA:92,1
DA:98,1
DA:100,2
DA:101,1
DA:109,1
DA:111,3
LF:35
LH:35
end_of_record
SF:lib\src\data_list_getter.dart
DA:42,1
DA:45,1
DA:47,1
DA:49,5
DA:51,2
DA:52,1
DA:53,2
DA:54,6
DA:56,1
DA:60,1
DA:74,1
LF:11
LH:11
end_of_record
